2023-03-27 16:00:14,453 [Worker-3: Loading available Gradle versions] INFO  o.e.b.c.i.u.g.PublishedGradleVersions - Gradle version information cache is up-to-date. Trying to read.
2023-03-27 16:02:43,273 [Worker-0: Import Getting Started Content] INFO  o.e.m.c.i.l.LifecycleMappingFactory - Using org.eclipse.m2e.jdt.JarLifecycleMapping lifecycle mapping for MavenProject: com.example:jsonppo:0.0.1-SNAPSHOT @ C:\Users\Davif\OneDrive\햞ea de Trabalho\PPOATVJSON\jsonppo\pom.xml.
2023-03-27 16:02:45,128 [Worker-0: Import Getting Started Content] INFO  o.e.m.j.i.AbstractJavaProjectConfigurator - Adding source folder /jsonppo/src/main/java
2023-03-27 16:02:45,129 [Worker-0: Import Getting Started Content] INFO  o.e.m.j.i.AbstractJavaProjectConfigurator - Adding resource folder /jsonppo/src/main/resources
2023-03-27 16:02:45,143 [Worker-0: Import Getting Started Content] INFO  o.e.m.j.i.AbstractJavaProjectConfigurator - Adding resource folder /jsonppo/src/main/resources
2023-03-27 16:02:45,179 [Worker-0: Import Getting Started Content] INFO  o.e.m.j.i.AbstractJavaProjectConfigurator - Adding source folder /jsonppo/src/test/java
2023-03-27 16:02:48,218 [Worker-0: Import Getting Started Content] INFO  o.e.m.c.i.p.ProjectConfigurationManager - Imported and configured 1 project(s) in 6 sec
2023-03-27 16:02:48,225 [Worker-0: Import Getting Started Content] INFO  o.e.m.c.i.p.ProjectConfigurationManager - Update started
2023-03-27 16:02:49,431 [Worker-0: Import Getting Started Content] INFO  o.e.m.c.i.l.LifecycleMappingFactory - Using org.eclipse.m2e.jdt.JarLifecycleMapping lifecycle mapping for MavenProject: com.example:jsonppo:0.0.1-SNAPSHOT @ C:\Users\Davif\OneDrive\햞ea de Trabalho\PPOATVJSON\jsonppo\pom.xml.
2023-03-27 16:02:51,298 [Worker-0: Import Getting Started Content] INFO  o.e.m.j.i.AbstractJavaProjectConfigurator - Adding source folder /jsonppo/src/main/java
2023-03-27 16:02:51,299 [Worker-0: Import Getting Started Content] INFO  o.e.m.j.i.AbstractJavaProjectConfigurator - Adding resource folder /jsonppo/src/main/resources
2023-03-27 16:02:51,301 [Worker-0: Import Getting Started Content] INFO  o.e.m.j.i.AbstractJavaProjectConfigurator - Adding resource folder /jsonppo/src/main/resources
2023-03-27 16:02:51,328 [Worker-0: Import Getting Started Content] INFO  o.e.m.j.i.AbstractJavaProjectConfigurator - Adding source folder /jsonppo/src/test/java
2023-03-27 16:02:53,610 [Worker-0: Import Getting Started Content] INFO  o.e.m.c.i.p.ProjectConfigurationManager - Update completed for 1 poms: local refresh takes 0,00 sec, refresh facades takes 2,00 sec, update config takes 0,00 sec 
2023-03-27 16:02:55,459 [Worker-12: Building] INFO  o.a.m.s.f.DefaultMavenResourcesFiltering - Copying 1 resource
2023-03-27 16:02:55,522 [Worker-12: Building] INFO  o.a.m.s.f.DefaultMavenResourcesFiltering - Copying 0 resource
2023-03-27 16:02:55,534 [Worker-12: Building] INFO  o.a.m.s.f.DefaultMavenResourcesFiltering - skip non existing resourceDirectory C:\Users\Davif\OneDrive\햞ea de Trabalho\PPOATVJSON\jsonppo\src\test\resources
2023-03-27 16:03:41,450 [Worker-7: Building] INFO  o.a.m.s.f.DefaultMavenResourcesFiltering - Copying 1 resource
2023-03-27 16:03:41,454 [Worker-7: Building] INFO  o.a.m.s.f.DefaultMavenResourcesFiltering - Copying 0 resource
2023-03-27 16:03:41,460 [Worker-7: Building] INFO  o.a.m.s.f.DefaultMavenResourcesFiltering - skip non existing resourceDirectory C:\Users\Davif\OneDrive\햞ea de Trabalho\PPOATVJSON\jsonppo\src\test\resources
2023-03-27 16:04:38,890 [Worker-13: Building] INFO  o.a.m.s.f.DefaultMavenResourcesFiltering - Copying 1 resource
2023-03-27 16:04:38,900 [Worker-13: Building] INFO  o.a.m.s.f.DefaultMavenResourcesFiltering - Copying 0 resource
2023-03-27 16:04:38,906 [Worker-13: Building] INFO  o.a.m.s.f.DefaultMavenResourcesFiltering - skip non existing resourceDirectory C:\Users\Davif\OneDrive\햞ea de Trabalho\PPOATVJSON\jsonppo\src\test\resources
2023-03-27 16:07:34,366 [Worker-5: Building] INFO  o.a.m.s.f.DefaultMavenResourcesFiltering - Copying 1 resource
2023-03-27 16:07:34,375 [Worker-5: Building] INFO  o.a.m.s.f.DefaultMavenResourcesFiltering - Copying 0 resource
2023-03-27 16:07:34,380 [Worker-5: Building] INFO  o.a.m.s.f.DefaultMavenResourcesFiltering - skip non existing resourceDirectory C:\Users\Davif\OneDrive\햞ea de Trabalho\PPOATVJSON\jsonppo\src\test\resources
2023-03-27 16:08:23,268 [Worker-5: Building] INFO  o.a.m.s.f.DefaultMavenResourcesFiltering - Copying 1 resource
2023-03-27 16:08:23,277 [Worker-5: Building] INFO  o.a.m.s.f.DefaultMavenResourcesFiltering - Copying 0 resource
2023-03-27 16:08:23,309 [Worker-5: Building] INFO  o.a.m.s.f.DefaultMavenResourcesFiltering - skip non existing resourceDirectory C:\Users\Davif\OneDrive\햞ea de Trabalho\PPOATVJSON\jsonppo\src\test\resources
2023-03-27 16:15:05,740 [Worker-17: Launching jsonppo - JsonppoApplication] INFO  o.a.m.s.f.DefaultMavenResourcesFiltering - Copying 1 resource
2023-03-27 16:15:05,748 [Worker-17: Launching jsonppo - JsonppoApplication] INFO  o.a.m.s.f.DefaultMavenResourcesFiltering - Copying 0 resource
2023-03-27 16:15:05,754 [Worker-17: Launching jsonppo - JsonppoApplication] INFO  o.a.m.s.f.DefaultMavenResourcesFiltering - skip non existing resourceDirectory C:\Users\Davif\OneDrive\햞ea de Trabalho\PPOATVJSON\jsonppo\src\test\resources
2023-03-27 16:18:20,491 [Worker-17: Launching jsonppo - JsonppoApplication] INFO  o.a.m.s.f.DefaultMavenResourcesFiltering - Copying 1 resource
2023-03-27 16:18:20,499 [Worker-17: Launching jsonppo - JsonppoApplication] INFO  o.a.m.s.f.DefaultMavenResourcesFiltering - Copying 0 resource
2023-03-27 16:18:20,504 [Worker-17: Launching jsonppo - JsonppoApplication] INFO  o.a.m.s.f.DefaultMavenResourcesFiltering - skip non existing resourceDirectory C:\Users\Davif\OneDrive\햞ea de Trabalho\PPOATVJSON\jsonppo\src\test\resources
2023-03-27 16:20:18,635 [Worker-22: Launching jsonppo - JsonppoApplication] INFO  o.a.m.s.f.DefaultMavenResourcesFiltering - Copying 1 resource
2023-03-27 16:20:18,644 [Worker-22: Launching jsonppo - JsonppoApplication] INFO  o.a.m.s.f.DefaultMavenResourcesFiltering - Copying 0 resource
2023-03-27 16:20:18,650 [Worker-22: Launching jsonppo - JsonppoApplication] INFO  o.a.m.s.f.DefaultMavenResourcesFiltering - skip non existing resourceDirectory C:\Users\Davif\OneDrive\햞ea de Trabalho\PPOATVJSON\jsonppo\src\test\resources
2023-03-27 16:23:25,724 [Worker-24: Building] INFO  o.a.m.s.f.DefaultMavenResourcesFiltering - Copying 1 resource
2023-03-27 16:23:25,736 [Worker-24: Building] INFO  o.a.m.s.f.DefaultMavenResourcesFiltering - Copying 0 resource
2023-03-27 16:23:25,742 [Worker-24: Building] INFO  o.a.m.s.f.DefaultMavenResourcesFiltering - skip non existing resourceDirectory C:\Users\Davif\OneDrive\햞ea de Trabalho\PPOATVJSON\jsonppo\src\test\resources
2023-03-27 16:23:35,860 [Worker-23: Building] INFO  o.a.m.s.f.DefaultMavenResourcesFiltering - Copying 1 resource
2023-03-27 16:23:35,867 [Worker-23: Building] INFO  o.a.m.s.f.DefaultMavenResourcesFiltering - Copying 0 resource
2023-03-27 16:23:35,872 [Worker-23: Building] INFO  o.a.m.s.f.DefaultMavenResourcesFiltering - skip non existing resourceDirectory C:\Users\Davif\OneDrive\햞ea de Trabalho\PPOATVJSON\jsonppo\src\test\resources
2023-03-27 17:26:55,361 [Worker-28: Building] INFO  o.a.m.s.f.DefaultMavenResourcesFiltering - Copying 1 resource
2023-03-27 17:26:55,369 [Worker-28: Building] INFO  o.a.m.s.f.DefaultMavenResourcesFiltering - Copying 0 resource
2023-03-27 17:26:55,372 [Worker-28: Building] INFO  o.a.m.s.f.DefaultMavenResourcesFiltering - skip non existing resourceDirectory C:\Users\Davif\OneDrive\햞ea de Trabalho\PPOATVJSON\jsonppo\src\test\resources
2023-03-27 17:30:44,927 [Worker-33: Building] INFO  o.a.m.s.f.DefaultMavenResourcesFiltering - Copying 1 resource
2023-03-27 17:30:44,934 [Worker-33: Building] INFO  o.a.m.s.f.DefaultMavenResourcesFiltering - Copying 0 resource
2023-03-27 17:30:44,938 [Worker-33: Building] INFO  o.a.m.s.f.DefaultMavenResourcesFiltering - skip non existing resourceDirectory C:\Users\Davif\OneDrive\햞ea de Trabalho\PPOATVJSON\jsonppo\src\test\resources
2023-03-27 17:38:31,439 [Worker-27: Building] INFO  o.a.m.s.f.DefaultMavenResourcesFiltering - Copying 1 resource
2023-03-27 17:38:31,447 [Worker-27: Building] INFO  o.a.m.s.f.DefaultMavenResourcesFiltering - Copying 0 resource
2023-03-27 17:38:31,452 [Worker-27: Building] INFO  o.a.m.s.f.DefaultMavenResourcesFiltering - skip non existing resourceDirectory C:\Users\Davif\OneDrive\햞ea de Trabalho\PPOATVJSON\jsonppo\src\test\resources
2023-03-27 17:38:41,252 [Worker-27: Building] INFO  o.a.m.s.f.DefaultMavenResourcesFiltering - Copying 1 resource
2023-03-27 17:38:41,254 [Worker-27: Building] INFO  o.a.m.s.f.DefaultMavenResourcesFiltering - Copying 0 resource
2023-03-27 17:38:41,258 [Worker-27: Building] INFO  o.a.m.s.f.DefaultMavenResourcesFiltering - skip non existing resourceDirectory C:\Users\Davif\OneDrive\햞ea de Trabalho\PPOATVJSON\jsonppo\src\test\resources
2023-03-27 17:56:53,864 [Worker-42: Building] INFO  o.a.m.s.f.DefaultMavenResourcesFiltering - Copying 1 resource
2023-03-27 17:56:53,889 [Worker-42: Building] INFO  o.a.m.s.f.DefaultMavenResourcesFiltering - Copying 0 resource
2023-03-27 17:56:53,894 [Worker-42: Building] INFO  o.a.m.s.f.DefaultMavenResourcesFiltering - skip non existing resourceDirectory C:\Users\Davif\OneDrive\햞ea de Trabalho\PPOATVJSON\jsonppo\src\test\resources
2023-03-27 17:57:01,859 [Worker-44: Building] INFO  o.a.m.s.f.DefaultMavenResourcesFiltering - Copying 1 resource
2023-03-27 17:57:01,883 [Worker-44: Building] INFO  o.a.m.s.f.DefaultMavenResourcesFiltering - Copying 0 resource
2023-03-27 17:57:01,889 [Worker-44: Building] INFO  o.a.m.s.f.DefaultMavenResourcesFiltering - skip non existing resourceDirectory C:\Users\Davif\OneDrive\햞ea de Trabalho\PPOATVJSON\jsonppo\src\test\resources
2023-03-27 17:59:27,050 [Worker-36: Building] INFO  o.a.m.s.f.DefaultMavenResourcesFiltering - Copying 1 resource
2023-03-27 17:59:27,070 [Worker-36: Building] INFO  o.a.m.s.f.DefaultMavenResourcesFiltering - Copying 0 resource
2023-03-27 17:59:27,074 [Worker-36: Building] INFO  o.a.m.s.f.DefaultMavenResourcesFiltering - skip non existing resourceDirectory C:\Users\Davif\OneDrive\햞ea de Trabalho\PPOATVJSON\jsonppo\src\test\resources
2023-03-27 18:02:09,215 [Worker-46: Building] INFO  o.a.m.s.f.DefaultMavenResourcesFiltering - Copying 1 resource
2023-03-27 18:02:09,234 [Worker-46: Building] INFO  o.a.m.s.f.DefaultMavenResourcesFiltering - Copying 0 resource
2023-03-27 18:02:09,238 [Worker-46: Building] INFO  o.a.m.s.f.DefaultMavenResourcesFiltering - skip non existing resourceDirectory C:\Users\Davif\OneDrive\햞ea de Trabalho\PPOATVJSON\jsonppo\src\test\resources
2023-03-27 18:02:41,398 [Worker-48: Building] INFO  o.a.m.s.f.DefaultMavenResourcesFiltering - Copying 1 resource
2023-03-27 18:02:41,407 [Worker-48: Building] INFO  o.a.m.s.f.DefaultMavenResourcesFiltering - Copying 0 resource
2023-03-27 18:02:41,411 [Worker-48: Building] INFO  o.a.m.s.f.DefaultMavenResourcesFiltering - skip non existing resourceDirectory C:\Users\Davif\OneDrive\햞ea de Trabalho\PPOATVJSON\jsonppo\src\test\resources
2023-03-27 18:06:08,356 [Worker-49: Building] INFO  o.a.m.s.f.DefaultMavenResourcesFiltering - Copying 1 resource
2023-03-27 18:06:08,364 [Worker-49: Building] INFO  o.a.m.s.f.DefaultMavenResourcesFiltering - Copying 0 resource
